<?xml version="1.0" encoding="UTF-8"?>
<!-- Generated by org.testng.reporters.JUnitReportReporter -->
<testsuite hostname="NDI-MB-093" failures="0" tests="1" name="com.actitme.test.TestActiTimeLogin" time="15.055" errors="0" timestamp="14 Feb 2021 21:33:48 GMT" skipped="0">
  <testcase classname="com.actitme.test.TestActiTimeLogin" name="login" time="15.055"/>
</testsuite> <!-- com.actitme.test.TestActiTimeLogin -->
